13:48:36.480 [main] INFO  resources1.base - WebDriver is initialized and browser is opened
13:49:22.849 [main] INFO  resources1.base - hited qaclick acadamy url successfully
13:49:22.986 [main] INFO  resources1.base - titleName is verified successfully and it is as per expectaion
13:49:29.218 [main] INFO  resources1.base - hited qaclick acadamy url successfully
13:49:30.771 [main] INFO  resources1.base - clicked on home page login in button successfully
13:49:31.050 [main] INFO  resources1.base - browser closed successfully
13:49:35.615 [main] INFO  resources1.base - WebDriver is initialized
13:49:43.870 [main] INFO  resources1.base - hited qaclick acadamy url successfully
13:49:44.033 [main] INFO  resources1.base - Navigation Bar is available on home page
13:49:44.184 [main] INFO  resources1.base - browser closed successfully
13:49:46.719 [main] INFO  resources1.base - WebDriver is initialized
13:49:56.081 [main] INFO  resources1.base - hited qaclick acadamy url successfully
13:49:57.130 [main] INFO  resources1.base - clicked on home page login button successfully
13:49:57.578 [main] INFO  resources1.base - User name: restricteduser@qaclick.com entered successfully
13:49:57.701 [main] INFO  resources1.base - password: pass@123 entered successfully
13:49:57.959 [main] INFO  resources1.base - clicked on Login page login button successfully
13:50:07.530 [main] INFO  resources1.base - hited qaclick acadamy url successfully
13:50:08.597 [main] INFO  resources1.base - clicked on home page login button successfully
13:50:08.802 [main] INFO  resources1.base - User name: unrestricteduser@qaclick.com entered successfully
13:50:08.948 [main] INFO  resources1.base - password: unrestricted entered successfully
13:50:09.771 [main] INFO  resources1.base - clicked on Login page login button successfully
13:50:09.951 [main] INFO  resources1.base - browser closed successfully
15:18:13.043 [main] INFO  resources1.base - WebDriver is initialized and browser is opened
15:18:38.531 [main] INFO  resources1.base - hited qaclick acadamy url successfully
15:18:42.540 [main] INFO  resources1.base - titleName is verified successfully and it is as per expectaion
15:18:51.430 [main] INFO  resources1.base - hited qaclick acadamy url successfully
15:18:54.809 [main] INFO  resources1.base - clicked on home page login in button successfully
15:18:58.822 [main] INFO  resources1.base - browser closed successfully
15:19:03.878 [main] INFO  resources1.base - WebDriver is initialized
15:19:15.022 [main] INFO  resources1.base - hited qaclick acadamy url successfully
15:19:16.152 [main] INFO  resources1.base - Navigation Bar is available on home page
15:19:16.860 [main] INFO  resources1.base - browser closed successfully
15:19:20.290 [main] INFO  resources1.base - WebDriver is initialized
15:19:31.171 [main] INFO  resources1.base - hited qaclick acadamy url successfully
15:19:32.588 [main] INFO  resources1.base - clicked on home page login button successfully
15:19:33.662 [main] INFO  resources1.base - User name: restricteduser@qaclick.com entered successfully
15:19:33.982 [main] INFO  resources1.base - password: pass@123 entered successfully
15:19:34.438 [main] INFO  resources1.base - clicked on Login page login button successfully
15:20:02.582 [main] INFO  resources1.base - hited qaclick acadamy url successfully
15:20:04.917 [main] INFO  resources1.base - clicked on home page login button successfully
15:20:05.138 [main] INFO  resources1.base - User name: unrestricteduser@qaclick.com entered successfully
15:20:05.272 [main] INFO  resources1.base - password: unrestricted entered successfully
15:20:06.405 [main] INFO  resources1.base - clicked on Login page login button successfully
15:20:07.660 [main] INFO  resources1.base - browser closed successfully
15:22:54.142 [main] INFO  resources1.base - WebDriver is initialized and browser is opened
15:23:30.136 [main] INFO  resources1.base - hited qaclick acadamy url successfully
15:23:30.493 [main] INFO  resources1.base - titleName is verified successfully and it is as per expectaion
15:24:01.064 [main] INFO  resources1.base - hited qaclick acadamy url successfully
15:24:01.833 [main] INFO  resources1.base - clicked on home page login in button successfully
15:24:02.342 [main] INFO  resources1.base - browser closed successfully
15:24:06.636 [main] INFO  resources1.base - WebDriver is initialized
15:24:17.417 [main] INFO  resources1.base - hited qaclick acadamy url successfully
15:24:17.604 [main] INFO  resources1.base - Navigation Bar is available on home page
15:24:17.744 [main] INFO  resources1.base - browser closed successfully
15:24:20.188 [main] INFO  resources1.base - WebDriver is initialized
15:24:30.671 [main] INFO  resources1.base - hited qaclick acadamy url successfully
15:24:31.782 [main] INFO  resources1.base - clicked on home page login button successfully
15:24:32.310 [main] INFO  resources1.base - User name: restricteduser@qaclick.com entered successfully
15:24:32.447 [main] INFO  resources1.base - password: pass@123 entered successfully
15:24:32.672 [main] INFO  resources1.base - clicked on Login page login button successfully
15:25:25.814 [main] INFO  resources1.base - hited qaclick acadamy url successfully
15:25:26.701 [main] INFO  resources1.base - clicked on home page login button successfully
15:25:26.872 [main] INFO  resources1.base - User name: unrestricteduser@qaclick.com entered successfully
15:25:27.030 [main] INFO  resources1.base - password: unrestricted entered successfully
15:25:27.230 [main] INFO  resources1.base - clicked on Login page login button successfully
15:25:27.445 [main] INFO  resources1.base - browser closed successfully
15:38:06.513 [main] INFO  resources1.base - WebDriver is initialized and browser is opened
15:38:14.711 [main] INFO  resources1.base - hited qaclick acadamy url successfully
15:40:10.540 [main] INFO  resources1.base - WebDriver is initialized and browser is opened
15:40:24.306 [main] INFO  resources1.base - hited qaclick acadamy url successfully
15:40:28.649 [main] INFO  resources1.base - titleName is verified successfully and it is as per expectaion
15:50:20.273 [main] INFO  resources1.base - WebDriver is initialized and browser is opened
15:50:29.444 [main] INFO  resources1.base - hited qaclick acadamy url successfully
15:50:30.047 [main] INFO  resources1.base - titleName is verified successfully and it is as per expectaion
15:50:34.257 [main] INFO  resources1.base - hited qaclick acadamy url successfully
15:50:37.854 [main] INFO  resources1.base - clicked on home page login in button successfully
15:50:38.271 [main] INFO  resources1.base - browser closed successfully
15:50:42.942 [main] INFO  resources1.base - WebDriver is initialized
15:50:52.504 [main] INFO  resources1.base - hited qaclick acadamy url successfully
15:50:53.144 [main] INFO  resources1.base - Navigation Bar is available on home page
15:50:53.428 [main] INFO  resources1.base - browser closed successfully
15:50:59.748 [main] INFO  resources1.base - WebDriver is initialized
15:51:05.342 [main] INFO  resources1.base - hited qaclick acadamy url successfully
15:51:06.508 [main] INFO  resources1.base - clicked on home page login button successfully
15:51:06.969 [main] INFO  resources1.base - User name: restricteduser@qaclick.com entered successfully
15:51:07.174 [main] INFO  resources1.base - password: pass@123 entered successfully
15:51:07.420 [main] INFO  resources1.base - clicked on Login page login button successfully
15:51:13.134 [main] INFO  resources1.base - hited qaclick acadamy url successfully
15:51:13.758 [main] INFO  resources1.base - clicked on home page login button successfully
15:51:13.973 [main] INFO  resources1.base - User name: unrestricteduser@qaclick.com entered successfully
15:51:14.111 [main] INFO  resources1.base - password: unrestricted entered successfully
15:51:14.345 [main] INFO  resources1.base - clicked on Login page login button successfully
15:51:14.761 [main] INFO  resources1.base - browser closed successfully
15:53:54.850 [main] INFO  resources1.base - WebDriver is initialized and browser is opened
15:54:01.723 [main] INFO  resources1.base - hited qaclick acadamy url successfully
15:54:02.054 [main] INFO  resources1.base - titleName is verified successfully and it is as per expectaion
15:54:06.489 [main] INFO  resources1.base - hited qaclick acadamy url successfully
15:54:07.043 [main] INFO  resources1.base - clicked on home page login in button successfully
15:54:07.422 [main] INFO  resources1.base - browser closed successfully
15:54:09.221 [main] INFO  resources1.base - WebDriver is initialized
15:54:16.675 [main] INFO  resources1.base - hited qaclick acadamy url successfully
15:54:16.790 [main] INFO  resources1.base - Navigation Bar is available on home page
15:54:17.279 [main] INFO  resources1.base - browser closed successfully
15:54:19.176 [main] INFO  resources1.base - WebDriver is initialized
15:54:24.895 [main] INFO  resources1.base - hited qaclick acadamy url successfully
15:54:25.719 [main] INFO  resources1.base - clicked on home page login button successfully
15:54:25.885 [main] INFO  resources1.base - User name: restricteduser@qaclick.com entered successfully
15:54:26.025 [main] INFO  resources1.base - password: pass@123 entered successfully
15:54:26.238 [main] INFO  resources1.base - clicked on Login page login button successfully
15:54:29.989 [main] INFO  resources1.base - hited qaclick acadamy url successfully
15:54:30.500 [main] INFO  resources1.base - clicked on home page login button successfully
15:54:30.682 [main] INFO  resources1.base - User name: unrestricteduser@qaclick.com entered successfully
15:54:30.820 [main] INFO  resources1.base - password: unrestricted entered successfully
15:54:31.037 [main] INFO  resources1.base - clicked on Login page login button successfully
15:54:31.351 [main] INFO  resources1.base - browser closed successfully
21:31:35.781 [main] INFO  resources1.base - WebDriver is initialized and browser is opened
21:31:46.372 [main] INFO  resources1.base - hited qaclick acadamy url successfully
21:32:00.045 [main] INFO  resources1.base - hited qaclick acadamy url successfully
21:32:01.558 [main] INFO  resources1.base - clicked on home page login in button successfully
21:32:01.948 [main] INFO  resources1.base - browser closed successfully
21:32:08.103 [main] INFO  resources1.base - WebDriver is initialized
21:32:26.710 [main] INFO  resources1.base - hited qaclick acadamy url successfully
21:32:27.565 [main] INFO  resources1.base - Navigation Bar is available on home page
21:32:27.933 [main] INFO  resources1.base - browser closed successfully
21:32:32.668 [main] INFO  resources1.base - WebDriver is initialized
21:32:54.553 [main] INFO  resources1.base - hited qaclick acadamy url successfully
21:32:56.502 [main] INFO  resources1.base - clicked on home page login button successfully
21:32:57.440 [main] INFO  resources1.base - User name: restricteduser@qaclick.com entered successfully
21:32:57.634 [main] INFO  resources1.base - password: pass@123 entered successfully
21:32:58.363 [main] INFO  resources1.base - clicked on Login page login button successfully
21:33:21.447 [main] INFO  resources1.base - hited qaclick acadamy url successfully
21:33:22.913 [main] INFO  resources1.base - clicked on home page login button successfully
21:33:23.108 [main] INFO  resources1.base - User name: unrestricteduser@qaclick.com entered successfully
21:33:23.256 [main] INFO  resources1.base - password: unrestricted entered successfully
21:33:23.483 [main] INFO  resources1.base - clicked on Login page login button successfully
21:33:23.620 [main] INFO  resources1.base - browser closed successfully
21:45:06.154 [main] INFO  resources1.base - WebDriver is initialized and browser is opened
21:45:22.989 [main] INFO  resources1.base - hited qaclick acadamy url successfully
21:45:34.148 [main] INFO  resources1.base - hited qaclick acadamy url successfully
21:45:37.327 [main] INFO  resources1.base - clicked on home page login in button successfully
21:45:37.646 [main] INFO  resources1.base - browser closed successfully
21:45:42.310 [main] INFO  resources1.base - WebDriver is initialized
21:46:04.122 [main] INFO  resources1.base - hited qaclick acadamy url successfully
21:46:04.481 [main] INFO  resources1.base - Navigation Bar is available on home page
21:46:04.666 [main] INFO  resources1.base - browser closed successfully
21:46:09.237 [main] INFO  resources1.base - WebDriver is initialized
21:46:33.782 [main] INFO  resources1.base - hited qaclick acadamy url successfully
21:46:35.490 [main] INFO  resources1.base - clicked on home page login button successfully
21:46:35.921 [main] INFO  resources1.base - User name: restricteduser@qaclick.com entered successfully
21:46:36.077 [main] INFO  resources1.base - password: pass@123 entered successfully
21:46:36.395 [main] INFO  resources1.base - clicked on Login page login button successfully
21:46:55.427 [main] INFO  resources1.base - hited qaclick acadamy url successfully
21:46:56.837 [main] INFO  resources1.base - clicked on home page login button successfully
21:46:57.066 [main] INFO  resources1.base - User name: unrestricteduser@qaclick.com entered successfully
21:46:57.232 [main] INFO  resources1.base - password: unrestricted entered successfully
21:46:57.420 [main] INFO  resources1.base - clicked on Login page login button successfully
21:46:57.528 [main] INFO  resources1.base - browser closed successfully
21:50:40.489 [main] INFO  resources1.base - WebDriver is initialized and browser is opened
21:50:55.865 [main] INFO  resources1.base - hited qaclick acadamy url successfully
21:51:10.180 [main] INFO  resources1.base - hited qaclick acadamy url successfully
21:51:13.166 [main] INFO  resources1.base - clicked on home page login in button successfully
21:51:13.601 [main] INFO  resources1.base - browser closed successfully
21:51:16.557 [main] INFO  resources1.base - WebDriver is initialized
21:51:31.216 [main] INFO  resources1.base - hited qaclick acadamy url successfully
21:51:31.387 [main] INFO  resources1.base - Navigation Bar is available on home page
21:51:31.597 [main] INFO  resources1.base - browser closed successfully
21:51:35.103 [main] INFO  resources1.base - WebDriver is initialized
21:51:46.608 [main] INFO  resources1.base - hited qaclick acadamy url successfully
21:51:49.737 [main] INFO  resources1.base - clicked on home page login button successfully
21:51:49.995 [main] INFO  resources1.base - User name: restricteduser@qaclick.com entered successfully
21:51:50.126 [main] INFO  resources1.base - password: pass@123 entered successfully
21:51:50.382 [main] INFO  resources1.base - clicked on Login page login button successfully
21:52:01.260 [main] INFO  resources1.base - hited qaclick acadamy url successfully
21:52:01.786 [main] INFO  resources1.base - clicked on home page login button successfully
21:52:01.969 [main] INFO  resources1.base - User name: unrestricteduser@qaclick.com entered successfully
21:52:02.104 [main] INFO  resources1.base - password: unrestricted entered successfully
21:52:02.318 [main] INFO  resources1.base - clicked on Login page login button successfully
21:52:02.512 [main] INFO  resources1.base - browser closed successfully
21:54:45.497 [main] INFO  resources1.base - WebDriver is initialized and browser is opened
21:54:54.102 [main] INFO  resources1.base - hited qaclick acadamy url successfully
21:55:00.333 [main] INFO  resources1.base - hited qaclick acadamy url successfully
21:55:01.513 [main] INFO  resources1.base - clicked on home page login in button successfully
21:55:01.824 [main] INFO  resources1.base - browser closed successfully
21:55:04.975 [main] INFO  resources1.base - WebDriver is initialized
21:55:12.392 [main] INFO  resources1.base - hited qaclick acadamy url successfully
21:55:12.749 [main] INFO  resources1.base - Navigation Bar is available on home page
21:55:13.194 [main] INFO  resources1.base - browser closed successfully
21:55:18.148 [main] INFO  resources1.base - WebDriver is initialized
21:55:28.963 [main] INFO  resources1.base - hited qaclick acadamy url successfully
21:55:30.387 [main] INFO  resources1.base - clicked on home page login button successfully
21:55:31.072 [main] INFO  resources1.base - User name: restricteduser@qaclick.com entered successfully
21:55:31.377 [main] INFO  resources1.base - password: pass@123 entered successfully
21:55:31.684 [main] INFO  resources1.base - clicked on Login page login button successfully
21:55:35.605 [main] INFO  resources1.base - hited qaclick acadamy url successfully
21:55:37.025 [main] INFO  resources1.base - clicked on home page login button successfully
21:55:37.291 [main] INFO  resources1.base - User name: unrestricteduser@qaclick.com entered successfully
21:55:37.431 [main] INFO  resources1.base - password: unrestricted entered successfully
21:55:37.618 [main] INFO  resources1.base - clicked on Login page login button successfully
21:55:38.044 [main] INFO  resources1.base - browser closed successfully
16:33:05.219 [main] INFO  resources1.base - WebDriver is initialized and browser is opened
16:33:32.000 [main] INFO  resources1.base - hited qaclick acadamy url successfully
16:33:55.309 [main] INFO  resources1.base - hited qaclick acadamy url successfully
16:34:00.311 [main] INFO  resources1.base - clicked on home page login in button successfully
16:34:07.339 [main] INFO  resources1.base - browser closed successfully
16:34:17.139 [main] INFO  resources1.base - WebDriver is initialized
16:34:42.800 [main] INFO  resources1.base - hited qaclick acadamy url successfully
16:34:43.103 [main] INFO  resources1.base - Navigation Bar is available on home page
16:34:43.280 [main] INFO  resources1.base - browser closed successfully
16:34:46.266 [main] INFO  resources1.base - WebDriver is initialized
16:35:03.867 [main] INFO  resources1.base - hited qaclick acadamy url successfully
16:35:23.138 [main] INFO  resources1.base - hited qaclick acadamy url successfully
16:35:24.766 [main] INFO  resources1.base - clicked on home page login button successfully
16:35:25.514 [main] INFO  resources1.base - User name: unrestricteduser@qaclick.com entered successfully
16:35:25.739 [main] INFO  resources1.base - password: unrestricted entered successfully
16:35:25.960 [main] INFO  resources1.base - clicked on Login page login button successfully
16:35:26.101 [main] INFO  resources1.base - browser closed successfully
17:20:19.798 [main] INFO  resources1.base - WebDriver is initialized and browser is opened
17:20:33.056 [main] INFO  resources1.base - hited qaclick acadamy url successfully
17:20:47.581 [main] INFO  resources1.base - hited qaclick acadamy url successfully
17:20:48.615 [main] INFO  resources1.base - clicked on home page login in button successfully
17:20:48.854 [main] INFO  resources1.base - browser closed successfully
17:20:53.940 [main] INFO  resources1.base - WebDriver is initialized
17:21:06.449 [main] INFO  resources1.base - hited qaclick acadamy url successfully
17:21:06.932 [main] INFO  resources1.base - Navigation Bar is available on home page
17:21:07.029 [main] INFO  resources1.base - browser closed successfully
17:21:12.631 [main] INFO  resources1.base - WebDriver is initialized
17:21:25.718 [main] INFO  resources1.base - hited qaclick acadamy url successfully
17:21:37.556 [main] INFO  resources1.base - hited qaclick acadamy url successfully
17:21:39.042 [main] INFO  resources1.base - clicked on home page login button successfully
17:21:39.849 [main] INFO  resources1.base - User name: unrestricteduser@qaclick.com entered successfully
17:21:40.141 [main] INFO  resources1.base - password: unrestricted entered successfully
17:21:40.502 [main] INFO  resources1.base - clicked on Login page login button successfully
17:21:40.768 [main] INFO  resources1.base - browser closed successfully
17:45:18.859 [main] INFO  resources1.base - WebDriver is initialized and browser is opened
17:45:36.873 [main] INFO  resources1.base - hited qaclick acadamy url successfully
17:45:49.087 [main] INFO  resources1.base - hited qaclick acadamy url successfully
17:45:51.564 [main] INFO  resources1.base - clicked on home page login in button successfully
17:45:52.207 [main] INFO  resources1.base - browser closed successfully
17:45:56.811 [main] INFO  resources1.base - WebDriver is initialized
17:46:10.355 [main] INFO  resources1.base - hited qaclick acadamy url successfully
17:46:10.697 [main] INFO  resources1.base - Navigation Bar is available on home page
17:46:11.108 [main] INFO  resources1.base - browser closed successfully
17:46:14.222 [main] INFO  resources1.base - WebDriver is initialized
17:46:26.914 [main] INFO  resources1.base - hited qaclick acadamy url successfully
17:46:28.824 [main] INFO  resources1.base - clicked on home page login button successfully
17:46:29.087 [main] INFO  resources1.base - User name: restricteduser@qaclick.com entered successfully
17:46:29.210 [main] INFO  resources1.base - password: pass@123 entered successfully
17:46:29.460 [main] INFO  resources1.base - clicked on Login page login button successfully
17:46:43.191 [main] INFO  resources1.base - hited qaclick acadamy url successfully
17:46:45.538 [main] INFO  resources1.base - browser closed successfully
18:40:13.354 [main] INFO  resources1.base - WebDriver is initialized and browser is opened
18:40:37.190 [main] INFO  resources1.base - hited qaclick acadamy url successfully
18:40:53.150 [main] INFO  resources1.base - hited qaclick acadamy url successfully
18:40:54.900 [main] INFO  resources1.base - clicked on home page login in button successfully
18:40:55.165 [main] INFO  resources1.base - browser closed successfully
18:41:03.940 [main] INFO  resources1.base - WebDriver is initialized
18:41:16.890 [main] INFO  resources1.base - hited qaclick acadamy url successfully
18:41:17.054 [main] INFO  resources1.base - Navigation Bar is available on home page
18:41:17.200 [main] INFO  resources1.base - browser closed successfully
18:41:19.947 [main] INFO  resources1.base - WebDriver is initialized
18:41:39.148 [main] INFO  resources1.base - hited qaclick acadamy url successfully
18:41:40.542 [main] INFO  resources1.base - clicked on home page login button successfully
18:41:40.804 [main] INFO  resources1.base - User name: restricteduser@qaclick.com entered successfully
18:41:40.943 [main] INFO  resources1.base - password: pass@123 entered successfully
18:41:41.152 [main] INFO  resources1.base - clicked on Login page login button successfully
18:41:55.403 [main] INFO  resources1.base - hited qaclick acadamy url successfully
18:41:56.934 [main] INFO  resources1.base - clicked on home page login button successfully
18:41:57.102 [main] INFO  resources1.base - User name: unrestricteduser@qaclick.com entered successfully
18:41:57.234 [main] INFO  resources1.base - password: unrestricted entered successfully
18:41:57.435 [main] INFO  resources1.base - clicked on Login page login button successfully
18:41:57.737 [main] INFO  resources1.base - browser closed successfully
11:53:01.330 [main] INFO  resources1.base - WebDriver is initialized
11:53:25.249 [main] INFO  resources1.base - hited qaclick acadamy url successfully
11:53:28.920 [main] INFO  resources1.base - clicked on home page login button successfully
11:53:30.232 [main] INFO  resources1.base - User name: restricteduser@qaclick.com entered successfully
11:53:30.553 [main] INFO  resources1.base - password: pass@123 entered successfully
11:53:32.365 [main] INFO  resources1.base - clicked on Login page login button successfully
11:53:37.832 [main] INFO  resources1.base - hited qaclick acadamy url successfully
11:53:39.605 [main] INFO  resources1.base - clicked on home page login button successfully
11:53:39.799 [main] INFO  resources1.base - User name: unrestricteduser@qaclick.com entered successfully
11:53:39.941 [main] INFO  resources1.base - password: unrestricted entered successfully
11:53:40.239 [main] INFO  resources1.base - clicked on Login page login button successfully
11:53:41.019 [main] INFO  resources1.base - browser closed successfully
12:26:13.660 [main] INFO  resources1.base - WebDriver is initialized
12:26:24.043 [main] INFO  resources1.base - hited qaclick acadamy url successfully
12:26:28.977 [main] INFO  resources1.base - clicked on home page login button successfully
12:26:35.016 [main] INFO  resources1.base - hited qaclick acadamy url successfully
12:26:35.591 [main] INFO  resources1.base - clicked on home page login button successfully
12:26:36.057 [main] INFO  resources1.base - browser closed successfully
12:35:03.283 [main] INFO  resources1.base - WebDriver is initialized
12:35:24.354 [main] INFO  resources1.base - hited qaclick acadamy url successfully
12:35:28.429 [main] INFO  resources1.base - clicked on home page login button successfully
12:35:33.047 [main] INFO  resources1.base - hited qaclick acadamy url successfully
12:35:34.153 [main] INFO  resources1.base - clicked on home page login button successfully
12:35:36.025 [main] INFO  resources1.base - browser closed successfully
12:42:39.422 [main] INFO  resources1.base - WebDriver is initialized
12:42:48.428 [main] INFO  resources1.base - hited qaclick acadamy url successfully
12:42:50.543 [main] INFO  resources1.base - clicked on home page login button successfully
12:42:51.486 [main] INFO  resources1.base - User name: restricteduser@qaclick.com entered successfully
12:42:51.894 [main] INFO  resources1.base - password: pass@123 entered successfully
12:42:52.933 [main] INFO  resources1.base - clicked on Login page login button successfully
12:42:57.235 [main] INFO  resources1.base - hited qaclick acadamy url successfully
12:42:58.718 [main] INFO  resources1.base - clicked on home page login button successfully
12:42:58.908 [main] INFO  resources1.base - User name: unrestricteduser@qaclick.com entered successfully
12:42:59.039 [main] INFO  resources1.base - password: unrestricted entered successfully
12:42:59.260 [main] INFO  resources1.base - clicked on Login page login button successfully
12:42:59.557 [main] INFO  resources1.base - browser closed successfully
12:44:16.681 [main] INFO  resources1.base - WebDriver is initialized
12:44:30.012 [main] INFO  resources1.base - hited qaclick acadamy url successfully
12:44:43.206 [main] INFO  resources1.base - hited qaclick acadamy url successfully
12:44:44.531 [main] INFO  resources1.base - clicked on home page login button successfully
12:44:45.066 [main] INFO  resources1.base - User name: unrestricteduser@qaclick.com entered successfully
12:44:45.226 [main] INFO  resources1.base - password: unrestricted entered successfully
12:44:45.561 [main] INFO  resources1.base - clicked on Login page login button successfully
12:44:45.818 [main] INFO  resources1.base - browser closed successfully
12:45:06.276 [main] INFO  resources1.base - WebDriver is initialized
12:45:17.816 [main] INFO  resources1.base - hited qaclick acadamy url successfully
12:45:20.343 [main] INFO  resources1.base - clicked on home page login button successfully
12:45:21.747 [main] INFO  resources1.base - User name: restricteduser@qaclick.com entered successfully
12:45:21.925 [main] INFO  resources1.base - password: pass@123 entered successfully
12:45:22.400 [main] INFO  resources1.base - clicked on Login page login button successfully
12:45:25.917 [main] INFO  resources1.base - hited qaclick acadamy url successfully
12:45:26.808 [main] INFO  resources1.base - clicked on home page login button successfully
12:45:26.994 [main] INFO  resources1.base - User name: unrestricteduser@qaclick.com entered successfully
12:45:27.134 [main] INFO  resources1.base - password: unrestricted entered successfully
12:45:27.326 [main] INFO  resources1.base - clicked on Login page login button successfully
12:45:27.746 [main] INFO  resources1.base - browser closed successfully
12:59:58.945 [main] INFO  resources1.base - WebDriver is initialized
13:00:15.455 [main] INFO  resources1.base - hited qaclick acadamy url successfully
13:00:17.667 [main] INFO  resources1.base - clicked on home page login button successfully
13:00:32.077 [main] INFO  resources1.base - hited qaclick acadamy url successfully
13:00:33.094 [main] INFO  resources1.base - clicked on home page login button successfully
13:00:33.252 [main] INFO  resources1.base - browser closed successfully
13:02:43.773 [main] INFO  resources1.base - WebDriver is initialized
13:02:51.847 [main] INFO  resources1.base - hited qaclick acadamy url successfully
13:02:52.877 [main] INFO  resources1.base - clicked on home page login button successfully
13:02:57.871 [main] INFO  resources1.base - hited qaclick acadamy url successfully
13:02:58.712 [main] INFO  resources1.base - clicked on home page login button successfully
13:02:58.937 [main] INFO  resources1.base - browser closed successfully
13:05:59.976 [main] INFO  resources1.base - WebDriver is initialized
13:06:14.066 [main] INFO  resources1.base - hited qaclick acadamy url successfully
13:06:16.260 [main] INFO  resources1.base - clicked on home page login button successfully
13:06:16.495 [main] INFO  resources1.base - User name: restricteduser@qaclick.com entered successfully
13:06:16.632 [main] INFO  resources1.base - password: pass@123 entered successfully
13:06:16.948 [main] INFO  resources1.base - clicked on Login page login button successfully
13:06:23.768 [main] INFO  resources1.base - hited qaclick acadamy url successfully
13:06:24.806 [main] INFO  resources1.base - clicked on home page login button successfully
13:06:24.984 [main] INFO  resources1.base - User name: unrestricteduser@qaclick.com entered successfully
13:06:25.124 [main] INFO  resources1.base - password: unrestricted entered successfully
13:06:25.358 [main] INFO  resources1.base - clicked on Login page login button successfully
13:06:25.629 [main] INFO  resources1.base - browser closed successfully
13:08:42.070 [main] INFO  resources1.base - WebDriver is initialized and browser is opened
13:08:50.628 [main] INFO  resources1.base - hited qaclick acadamy url successfully
13:08:53.476 [main] INFO  resources1.base - hited qaclick acadamy url successfully
13:08:54.192 [main] INFO  resources1.base - clicked on home page login in button successfully
13:08:54.351 [main] INFO  resources1.base - browser closed successfully
13:34:41.937 [main] INFO  resources1.base - WebDriver is initialized
13:34:56.399 [main] INFO  resources1.base - hited qaclick acadamy url successfully
13:34:58.435 [main] INFO  resources1.base - clicked on home page login button successfully
13:34:58.700 [main] INFO  resources1.base - User name: restricteduser@qaclick.com entered successfully
13:34:58.823 [main] INFO  resources1.base - password: pass@123 entered successfully
13:34:59.039 [main] INFO  resources1.base - clicked on Login page login button successfully
13:35:12.510 [main] INFO  resources1.base - hited qaclick acadamy url successfully
13:35:14.373 [main] INFO  resources1.base - browser closed successfully
13:35:35.921 [main] INFO  resources1.base - WebDriver is initialized
13:35:48.320 [main] INFO  resources1.base - hited qaclick acadamy url successfully
13:35:52.339 [main] INFO  resources1.base - clicked on home page login button successfully
13:35:52.556 [main] INFO  resources1.base - User name: restricteduser@qaclick.com entered successfully
13:35:52.904 [main] INFO  resources1.base - password: pass@123 entered successfully
13:35:53.426 [main] INFO  resources1.base - clicked on Login page login button successfully
13:36:05.202 [main] INFO  resources1.base - hited qaclick acadamy url successfully
13:36:05.959 [main] INFO  resources1.base - clicked on home page login button successfully
13:36:06.138 [main] INFO  resources1.base - User name: unrestricteduser@qaclick.com entered successfully
13:36:06.275 [main] INFO  resources1.base - password: unrestricted entered successfully
13:36:06.473 [main] INFO  resources1.base - clicked on Login page login button successfully
13:36:10.585 [main] INFO  resources1.base - browser closed successfully
13:58:19.690 [main] INFO  resources1.base - WebDriver is initialized and browser is opened
13:58:30.850 [main] INFO  resources1.base - hited qaclick acadamy url successfully
13:58:38.770 [main] INFO  resources1.base - hited qaclick acadamy url successfully
13:58:40.631 [main] INFO  resources1.base - clicked on home page login in button successfully
13:58:41.095 [main] INFO  resources1.base - browser closed successfully
13:58:48.051 [main] INFO  resources1.base - WebDriver is initialized
13:59:01.367 [main] INFO  resources1.base - hited qaclick acadamy url successfully
13:59:03.671 [main] INFO  resources1.base - Navigation Bar is available on home page
13:59:04.188 [main] INFO  resources1.base - browser closed successfully
13:59:08.613 [main] INFO  resources1.base - WebDriver is initialized
13:59:19.831 [main] INFO  resources1.base - hited qaclick acadamy url successfully
13:59:20.789 [main] INFO  resources1.base - clicked on home page login button successfully
13:59:20.994 [main] INFO  resources1.base - User name: restricteduser@qaclick.com entered successfully
13:59:21.114 [main] INFO  resources1.base - password: pass@123 entered successfully
13:59:21.618 [main] INFO  resources1.base - clicked on Login page login button successfully
13:59:21.896 [main] INFO  resources1.base - clicked on login page-> forgot password link successfully
13:59:22.025 [main] INFO  resources1.base - forgot password email id entered successfully
13:59:22.203 [main] INFO  resources1.base - clicked on Send Me Instruction button successfully
13:59:28.164 [main] INFO  resources1.base - hited qaclick acadamy url successfully
13:59:29.683 [main] INFO  resources1.base - clicked on home page login button successfully
13:59:29.877 [main] INFO  resources1.base - User name: unrestricteduser@qaclick.com entered successfully
13:59:30.007 [main] INFO  resources1.base - password: unrestricted entered successfully
13:59:30.195 [main] INFO  resources1.base - clicked on Login page login button successfully
13:59:30.401 [main] INFO  resources1.base - clicked on login page-> forgot password link successfully
13:59:30.546 [main] INFO  resources1.base - forgot password email id entered successfully
13:59:30.731 [main] INFO  resources1.base - clicked on Send Me Instruction button successfully
13:59:31.043 [main] INFO  resources1.base - browser closed successfully
14:16:08.322 [main] INFO  resources1.base - WebDriver is initialized and browser is opened
14:16:28.022 [main] INFO  resources1.base - hited qaclick acadamy url successfully
14:16:37.845 [main] INFO  resources1.base - hited qaclick acadamy url successfully
14:16:41.949 [main] INFO  resources1.base - clicked on home page login in button successfully
14:16:42.716 [main] INFO  resources1.base - browser closed successfully
14:16:51.729 [main] INFO  resources1.base - WebDriver is initialized
14:17:02.736 [main] INFO  resources1.base - hited qaclick acadamy url successfully
14:17:03.763 [main] INFO  resources1.base - Navigation Bar is available on home page
14:17:04.242 [main] INFO  resources1.base - browser closed successfully
14:17:11.041 [main] INFO  resources1.base - WebDriver is initialized
14:17:28.808 [main] INFO  resources1.base - hited qaclick acadamy url successfully
14:17:31.252 [main] INFO  resources1.base - clicked on home page login button successfully
14:17:31.682 [main] INFO  resources1.base - User name: restricteduser@qaclick.com entered successfully
14:17:31.955 [main] INFO  resources1.base - password: pass@123 entered successfully
14:17:32.324 [main] INFO  resources1.base - clicked on Login page login button successfully
14:17:32.639 [main] INFO  resources1.base - clicked on login page-> forgot password link successfully
14:17:32.858 [main] INFO  resources1.base - forgot password email id entered successfully
14:17:33.068 [main] INFO  resources1.base - clicked on Send Me Instruction button successfully
14:17:45.630 [main] INFO  resources1.base - hited qaclick acadamy url successfully
14:17:46.801 [main] INFO  resources1.base - clicked on home page login button successfully
14:17:46.998 [main] INFO  resources1.base - User name: unrestricteduser@qaclick.com entered successfully
14:17:47.124 [main] INFO  resources1.base - password: unrestricted entered successfully
14:17:47.315 [main] INFO  resources1.base - clicked on Login page login button successfully
14:17:47.529 [main] INFO  resources1.base - clicked on login page-> forgot password link successfully
14:17:47.665 [main] INFO  resources1.base - forgot password email id entered successfully
14:17:47.859 [main] INFO  resources1.base - clicked on Send Me Instruction button successfully
14:17:48.130 [main] INFO  resources1.base - browser closed successfully
11:24:44.141 [main] INFO  resources1.base - WebDriver is initialized
11:25:10.373 [main] INFO  resources1.base - hited qaclick acadamy url successfully
11:25:11.219 [main] INFO  resources1.base - Navigation Bar is available on home page
11:25:12.861 [main] INFO  resources1.base - browser closed successfully
11:25:18.538 [main] INFO  resources1.base - WebDriver is initialized
11:25:26.859 [main] INFO  resources1.base - hited qaclick acadamy url successfully
11:25:29.661 [main] INFO  resources1.base - clicked on home page login button successfully
11:25:30.728 [main] INFO  resources1.base - User name: restricteduser@qaclick.com entered successfully
11:25:30.855 [main] INFO  resources1.base - password: pass@123 entered successfully
11:25:31.116 [main] INFO  resources1.base - clicked on Login page login button successfully
11:25:31.549 [main] INFO  resources1.base - clicked on login page-> forgot password link successfully
11:25:31.735 [main] INFO  resources1.base - forgot password email id entered successfully
11:25:31.933 [main] INFO  resources1.base - clicked on Send Me Instruction button successfully
11:25:34.090 [main] INFO  resources1.base - hited qaclick acadamy url successfully
11:25:34.937 [main] INFO  resources1.base - clicked on home page login button successfully
11:25:35.119 [main] INFO  resources1.base - User name: unrestricteduser@qaclick.com entered successfully
11:25:35.258 [main] INFO  resources1.base - password: unrestricted entered successfully
11:25:35.501 [main] INFO  resources1.base - clicked on Login page login button successfully
11:25:35.734 [main] INFO  resources1.base - clicked on login page-> forgot password link successfully
11:25:35.875 [main] INFO  resources1.base - forgot password email id entered successfully
11:25:36.153 [main] INFO  resources1.base - clicked on Send Me Instruction button successfully
11:25:36.492 [main] INFO  resources1.base - browser closed successfully
11:47:28.419 [main] INFO  resources1.base - WebDriver is initialized and browser is opened
11:47:47.332 [main] INFO  resources1.base - hited qaclick acadamy url successfully
11:47:53.423 [main] INFO  resources1.base - hited qaclick acadamy url successfully
11:47:56.235 [main] INFO  resources1.base - clicked on home page login in button successfully
11:47:57.293 [main] INFO  resources1.base - browser closed successfully
11:48:08.463 [main] INFO  resources1.base - WebDriver is initialized
11:48:21.307 [main] INFO  resources1.base - hited qaclick acadamy url successfully
11:48:21.656 [main] INFO  resources1.base - Navigation Bar is available on home page
11:48:21.966 [main] INFO  resources1.base - browser closed successfully
11:48:25.893 [main] INFO  resources1.base - WebDriver is initialized
11:48:43.051 [main] INFO  resources1.base - hited qaclick acadamy url successfully
11:48:46.626 [main] INFO  resources1.base - clicked on home page login button successfully
11:48:46.832 [main] INFO  resources1.base - User name: restricteduser@qaclick.com entered successfully
11:48:46.960 [main] INFO  resources1.base - password: pass@123 entered successfully
11:48:47.154 [main] INFO  resources1.base - clicked on Login page login button successfully
11:48:47.475 [main] INFO  resources1.base - clicked on login page-> forgot password link successfully
11:48:47.675 [main] INFO  resources1.base - forgot password email id entered successfully
11:48:47.855 [main] INFO  resources1.base - clicked on Send Me Instruction button successfully
11:48:50.710 [main] INFO  resources1.base - hited qaclick acadamy url successfully
11:48:53.480 [main] INFO  resources1.base - clicked on home page login button successfully
11:48:53.647 [main] INFO  resources1.base - User name: unrestricteduser@qaclick.com entered successfully
11:48:54.009 [main] INFO  resources1.base - password: unrestricted entered successfully
11:48:54.799 [main] INFO  resources1.base - clicked on Login page login button successfully
11:48:55.050 [main] INFO  resources1.base - clicked on login page-> forgot password link successfully
11:48:55.175 [main] INFO  resources1.base - forgot password email id entered successfully
11:48:55.351 [main] INFO  resources1.base - clicked on Send Me Instruction button successfully
11:48:55.556 [main] INFO  resources1.base - browser closed successfully
12:59:22.584 [main] INFO  resources1.base - WebDriver is initialized and browser is opened
12:59:32.505 [main] INFO  resources1.base - hited qaclick acadamy url successfully
12:59:40.758 [main] INFO  resources1.base - hited qaclick acadamy url successfully
12:59:44.575 [main] INFO  resources1.base - clicked on home page login in button successfully
12:59:45.509 [main] INFO  resources1.base - browser closed successfully
12:59:54.541 [main] INFO  resources1.base - WebDriver is initialized
13:00:07.844 [main] INFO  resources1.base - hited qaclick acadamy url successfully
13:00:08.499 [main] INFO  resources1.base - Navigation Bar is available on home page
13:00:08.960 [main] INFO  resources1.base - browser closed successfully
13:00:13.704 [main] INFO  resources1.base - WebDriver is initialized
13:00:26.327 [main] INFO  resources1.base - hited qaclick acadamy url successfully
13:00:28.589 [main] INFO  resources1.base - clicked on home page login button successfully
13:00:30.338 [main] INFO  resources1.base - User name: restricteduser@qaclick.com entered successfully
13:00:30.654 [main] INFO  resources1.base - password: pass@123 entered successfully
13:00:31.322 [main] INFO  resources1.base - clicked on Login page login button successfully
13:00:31.690 [main] INFO  resources1.base - clicked on login page-> forgot password link successfully
13:00:31.972 [main] INFO  resources1.base - forgot password email id entered successfully
13:00:32.221 [main] INFO  resources1.base - clicked on Send Me Instruction button successfully
13:00:35.448 [main] INFO  resources1.base - hited qaclick acadamy url successfully
13:00:37.172 [main] INFO  resources1.base - clicked on home page login button successfully
13:00:37.369 [main] INFO  resources1.base - User name: unrestricteduser@qaclick.com entered successfully
13:00:37.501 [main] INFO  resources1.base - password: unrestricted entered successfully
13:00:37.874 [main] INFO  resources1.base - clicked on Login page login button successfully
13:00:38.083 [main] INFO  resources1.base - clicked on login page-> forgot password link successfully
13:00:38.220 [main] INFO  resources1.base - forgot password email id entered successfully
13:00:38.408 [main] INFO  resources1.base - clicked on Send Me Instruction button successfully
13:00:38.760 [main] INFO  resources1.base - browser closed successfully
13:02:49.816 [main] INFO  resources1.base - WebDriver is initialized and browser is opened
13:02:58.125 [main] INFO  resources1.base - hited qaclick acadamy url successfully
13:03:00.935 [main] INFO  resources1.base - hited qaclick acadamy url successfully
13:03:03.598 [main] INFO  resources1.base - clicked on home page login in button successfully
13:03:03.745 [main] INFO  resources1.base - browser closed successfully
13:03:08.300 [main] INFO  resources1.base - WebDriver is initialized
13:03:17.360 [main] INFO  resources1.base - hited qaclick acadamy url successfully
13:03:17.607 [main] INFO  resources1.base - Navigation Bar is available on home page
13:03:17.821 [main] INFO  resources1.base - browser closed successfully
13:03:20.652 [main] INFO  resources1.base - WebDriver is initialized
13:03:32.224 [main] INFO  resources1.base - hited qaclick acadamy url successfully
13:03:33.288 [main] INFO  resources1.base - clicked on home page login button successfully
13:03:33.476 [main] INFO  resources1.base - User name: restricteduser@qaclick.com entered successfully
13:03:33.631 [main] INFO  resources1.base - password: pass@123 entered successfully
13:03:33.839 [main] INFO  resources1.base - clicked on Login page login button successfully
13:03:34.380 [main] INFO  resources1.base - clicked on login page-> forgot password link successfully
13:03:34.509 [main] INFO  resources1.base - forgot password email id entered successfully
13:03:34.704 [main] INFO  resources1.base - clicked on Send Me Instruction button successfully
13:03:37.239 [main] INFO  resources1.base - hited qaclick acadamy url successfully
13:03:37.782 [main] INFO  resources1.base - clicked on home page login button successfully
13:03:37.962 [main] INFO  resources1.base - User name: unrestricteduser@qaclick.com entered successfully
13:03:38.089 [main] INFO  resources1.base - password: unrestricted entered successfully
13:03:38.279 [main] INFO  resources1.base - clicked on Login page login button successfully
13:03:38.507 [main] INFO  resources1.base - clicked on login page-> forgot password link successfully
13:03:38.645 [main] INFO  resources1.base - forgot password email id entered successfully
13:03:38.818 [main] INFO  resources1.base - clicked on Send Me Instruction button successfully
13:03:38.959 [main] INFO  resources1.base - browser closed successfully
15:39:54.675 [main] INFO  resources1.base - WebDriver is initialized and browser is opened
15:40:07.265 [main] INFO  resources1.base - hited qaclick acadamy url successfully
15:40:09.848 [main] INFO  resources1.base - hited qaclick acadamy url successfully
15:40:10.791 [main] INFO  resources1.base - clicked on home page login in button successfully
15:40:10.934 [main] INFO  resources1.base - browser closed successfully
15:40:18.324 [main] INFO  resources1.base - WebDriver is initialized
15:40:23.954 [main] INFO  resources1.base - hited qaclick acadamy url successfully
15:40:24.333 [main] INFO  resources1.base - Navigation Bar is available on home page
15:40:24.466 [main] INFO  resources1.base - browser closed successfully
15:40:27.828 [main] INFO  resources1.base - WebDriver is initialized
15:40:32.499 [main] INFO  resources1.base - hited qaclick acadamy url successfully
15:40:33.335 [main] INFO  resources1.base - clicked on home page login button successfully
15:40:34.109 [main] INFO  resources1.base - User name: restricteduser@qaclick.com entered successfully
15:40:34.261 [main] INFO  resources1.base - password: pass@123 entered successfully
15:40:34.708 [main] INFO  resources1.base - clicked on Login page login button successfully
15:40:34.917 [main] INFO  resources1.base - clicked on login page-> forgot password link successfully
15:40:35.044 [main] INFO  resources1.base - forgot password email id entered successfully
15:40:35.301 [main] INFO  resources1.base - clicked on Send Me Instruction button successfully
15:40:37.588 [main] INFO  resources1.base - hited qaclick acadamy url successfully
15:40:37.867 [main] INFO  resources1.base - clicked on home page login button successfully
15:40:38.019 [main] INFO  resources1.base - User name: unrestricteduser@qaclick.com entered successfully
15:40:38.148 [main] INFO  resources1.base - password: unrestricted entered successfully
15:40:38.295 [main] INFO  resources1.base - clicked on Login page login button successfully
15:40:38.430 [main] INFO  resources1.base - clicked on login page-> forgot password link successfully
15:40:38.554 [main] INFO  resources1.base - forgot password email id entered successfully
15:40:38.736 [main] INFO  resources1.base - clicked on Send Me Instruction button successfully
15:40:38.809 [main] INFO  resources1.base - browser closed successfully
15:45:45.866 [main] INFO  resources1.base - WebDriver is initialized and browser is opened
15:46:04.986 [main] INFO  resources1.base - hited qaclick acadamy url successfully
15:46:08.805 [main] INFO  resources1.base - hited qaclick acadamy url successfully
15:46:13.449 [main] INFO  resources1.base - clicked on home page login in button successfully
15:46:16.160 [main] INFO  resources1.base - browser closed successfully
15:46:22.718 [main] INFO  resources1.base - WebDriver is initialized
15:46:29.200 [main] INFO  resources1.base - hited qaclick acadamy url successfully
15:46:29.543 [main] INFO  resources1.base - Navigation Bar is available on home page
15:46:29.910 [main] INFO  resources1.base - browser closed successfully
15:46:35.787 [main] INFO  resources1.base - WebDriver is initialized
15:46:50.082 [main] INFO  resources1.base - hited qaclick acadamy url successfully
15:46:54.063 [main] INFO  resources1.base - clicked on home page login button successfully
15:46:55.190 [main] INFO  resources1.base - User name: restricteduser@qaclick.com entered successfully
15:46:55.501 [main] INFO  resources1.base - password: pass@123 entered successfully
15:46:55.974 [main] INFO  resources1.base - clicked on Login page login button successfully
15:46:56.391 [main] INFO  resources1.base - clicked on login page-> forgot password link successfully
15:46:56.686 [main] INFO  resources1.base - forgot password email id entered successfully
15:46:56.917 [main] INFO  resources1.base - clicked on Send Me Instruction button successfully
15:47:01.417 [main] INFO  resources1.base - hited qaclick acadamy url successfully
15:47:04.089 [main] INFO  resources1.base - clicked on home page login button successfully
15:47:04.251 [main] INFO  resources1.base - User name: unrestricteduser@qaclick.com entered successfully
15:47:04.383 [main] INFO  resources1.base - password: unrestricted entered successfully
15:47:04.903 [main] INFO  resources1.base - clicked on Login page login button successfully
15:47:05.131 [main] INFO  resources1.base - clicked on login page-> forgot password link successfully
15:47:05.264 [main] INFO  resources1.base - forgot password email id entered successfully
15:47:05.457 [main] INFO  resources1.base - clicked on Send Me Instruction button successfully
15:47:06.479 [main] INFO  resources1.base - browser closed successfully
15:48:03.278 [main] INFO  resources1.base - WebDriver is initialized and browser is opened
15:48:06.503 [main] INFO  resources1.base - hited qaclick acadamy url successfully
15:48:08.250 [main] INFO  resources1.base - hited qaclick acadamy url successfully
15:48:09.001 [main] INFO  resources1.base - clicked on home page login in button successfully
15:48:09.091 [main] INFO  resources1.base - browser closed successfully
15:48:11.780 [main] INFO  resources1.base - WebDriver is initialized
15:48:15.266 [main] INFO  resources1.base - hited qaclick acadamy url successfully
15:48:15.427 [main] INFO  resources1.base - Navigation Bar is available on home page
15:48:15.468 [main] INFO  resources1.base - browser closed successfully
15:48:17.331 [main] INFO  resources1.base - WebDriver is initialized
15:48:21.549 [main] INFO  resources1.base - hited qaclick acadamy url successfully
15:48:22.277 [main] INFO  resources1.base - clicked on home page login button successfully
15:48:22.508 [main] INFO  resources1.base - User name: restricteduser@qaclick.com entered successfully
15:48:22.732 [main] INFO  resources1.base - password: pass@123 entered successfully
15:48:23.077 [main] INFO  resources1.base - clicked on Login page login button successfully
15:48:23.381 [main] INFO  resources1.base - clicked on login page-> forgot password link successfully
15:48:23.568 [main] INFO  resources1.base - forgot password email id entered successfully
15:48:23.795 [main] INFO  resources1.base - clicked on Send Me Instruction button successfully
15:48:25.426 [main] INFO  resources1.base - hited qaclick acadamy url successfully
15:48:25.744 [main] INFO  resources1.base - clicked on home page login button successfully
15:48:25.992 [main] INFO  resources1.base - User name: unrestricteduser@qaclick.com entered successfully
15:48:26.181 [main] INFO  resources1.base - password: unrestricted entered successfully
15:48:26.445 [main] INFO  resources1.base - clicked on Login page login button successfully
15:48:26.734 [main] INFO  resources1.base - clicked on login page-> forgot password link successfully
15:48:27.001 [main] INFO  resources1.base - forgot password email id entered successfully
15:48:27.290 [main] INFO  resources1.base - clicked on Send Me Instruction button successfully
15:48:27.374 [main] INFO  resources1.base - browser closed successfully
16:12:50.911 [main] INFO  resources1.base - WebDriver is initialized and browser is opened
16:13:22.312 [main] INFO  resources1.base - hited qaclick acadamy url successfully
16:13:27.925 [main] INFO  resources1.base - hited qaclick acadamy url successfully
16:13:29.492 [main] INFO  resources1.base - clicked on home page login in button successfully
16:13:29.824 [main] INFO  resources1.base - browser closed successfully
16:13:38.847 [main] INFO  resources1.base - WebDriver is initialized
16:13:44.472 [main] INFO  resources1.base - hited qaclick acadamy url successfully
16:13:44.937 [main] INFO  resources1.base - Navigation Bar is available on home page
16:13:45.015 [main] INFO  resources1.base - browser closed successfully
16:13:49.323 [main] INFO  resources1.base - WebDriver is initialized
16:13:58.391 [main] INFO  resources1.base - hited qaclick acadamy url successfully
16:14:00.231 [main] INFO  resources1.base - clicked on home page login button successfully
16:14:00.709 [main] INFO  resources1.base - User name: restricteduser@qaclick.com entered successfully
16:14:00.905 [main] INFO  resources1.base - password: pass@123 entered successfully
16:14:01.353 [main] INFO  resources1.base - clicked on Login page login button successfully
16:14:01.751 [main] INFO  resources1.base - clicked on login page-> forgot password link successfully
16:14:01.989 [main] INFO  resources1.base - forgot password email id entered successfully
16:14:02.133 [main] INFO  resources1.base - clicked on Send Me Instruction button successfully
16:14:04.651 [main] INFO  resources1.base - hited qaclick acadamy url successfully
16:14:04.987 [main] INFO  resources1.base - clicked on home page login button successfully
16:14:05.182 [main] INFO  resources1.base - User name: unrestricteduser@qaclick.com entered successfully
16:14:05.334 [main] INFO  resources1.base - password: unrestricted entered successfully
16:14:05.514 [main] INFO  resources1.base - clicked on Login page login button successfully
16:14:05.801 [main] INFO  resources1.base - clicked on login page-> forgot password link successfully
16:14:05.935 [main] INFO  resources1.base - forgot password email id entered successfully
16:14:06.080 [main] INFO  resources1.base - clicked on Send Me Instruction button successfully
16:14:06.212 [main] INFO  resources1.base - browser closed successfully
17:16:24.352 [main] INFO  resources1.base - WebDriver is initialized and browser is opened
17:16:31.934 [main] INFO  resources1.base - hited qaclick acadamy url successfully
17:16:37.771 [main] INFO  resources1.base - clicked on home page login in button successfully
17:16:38.406 [main] INFO  resources1.base - browser closed successfully
17:22:04.576 [main] INFO  resources1.base - WebDriver is initialized and browser is opened
17:22:11.995 [main] INFO  resources1.base - hited qaclick acadamy url successfully
17:22:13.542 [main] INFO  resources1.base - Header title Name is verified successfully and it is as per expectaion
17:22:15.359 [main] INFO  resources1.base - clicked on home page login in button successfully
17:22:15.829 [main] INFO  resources1.base - browser closed successfully
17:23:23.112 [main] INFO  resources1.base - WebDriver is initialized and browser is opened
17:23:29.709 [main] INFO  resources1.base - hited qaclick acadamy url successfully
17:23:30.516 [main] INFO  resources1.base - Header title Name is verified successfully and it is as per expectaion
17:23:34.999 [main] INFO  resources1.base - clicked on home page login in button successfully
17:23:35.356 [main] INFO  resources1.base - browser closed successfully
17:29:36.651 [main] INFO  resources1.base - WebDriver is initialized and browser is opened
17:29:48.205 [main] INFO  resources1.base - hited qaclick acadamy url successfully
17:29:48.374 [main] INFO  resources1.base - Header title Name is verified successfully and it is as per expectaion
17:29:49.767 [main] INFO  resources1.base - clicked on home page login in button successfully
17:30:10.119 [main] INFO  resources1.base - browser closed successfully
17:30:52.853 [main] INFO  resources1.base - WebDriver is initialized and browser is opened
17:30:59.121 [main] INFO  resources1.base - hited qaclick acadamy url successfully
17:31:00.561 [main] INFO  resources1.base - Header title Name is verified successfully and it is as per expectaion
17:31:01.112 [main] INFO  resources1.base - Navigation Bar is available on home page
17:31:05.006 [main] INFO  resources1.base - clicked on home page login in button successfully
17:31:06.808 [main] INFO  resources1.base - browser closed successfully
17:44:43.745 [main] INFO  resources1.base - WebDriver is initialized and browser is opened
17:44:55.870 [main] INFO  resources1.base - hited qaclick acadamy url successfully
17:44:59.588 [main] INFO  resources1.base - Header title Name is verified successfully and it is as per expectaion
17:45:01.244 [main] INFO  resources1.base - Navigation Bar is available on home page
17:45:08.591 [main] INFO  resources1.base - browser closed successfully
17:45:24.485 [main] INFO  resources1.base - WebDriver is initialized
17:45:41.104 [main] INFO  resources1.base - hited qaclick acadamy url successfully
17:45:44.187 [main] INFO  resources1.base - clicked on home page login button successfully
17:45:45.330 [main] INFO  resources1.base - User name: restricteduser@qaclick.com entered successfully
17:45:45.714 [main] INFO  resources1.base - password: pass@123 entered successfully
17:45:46.814 [main] INFO  resources1.base - clicked on Login page login button successfully
17:45:47.446 [main] INFO  resources1.base - clicked on login page-> forgot password link successfully
17:45:47.752 [main] INFO  resources1.base - forgot password email id entered successfully
17:45:48.381 [main] INFO  resources1.base - clicked on Send Me Instruction button successfully
17:45:52.187 [main] INFO  resources1.base - hited qaclick acadamy url successfully
17:45:54.357 [main] INFO  resources1.base - clicked on home page login button successfully
17:45:54.533 [main] INFO  resources1.base - User name: unrestricteduser@qaclick.com entered successfully
17:45:54.691 [main] INFO  resources1.base - password: unrestricted entered successfully
17:45:54.910 [main] INFO  resources1.base - clicked on Login page login button successfully
17:45:55.127 [main] INFO  resources1.base - clicked on login page-> forgot password link successfully
17:45:55.274 [main] INFO  resources1.base - forgot password email id entered successfully
17:45:55.465 [main] INFO  resources1.base - clicked on Send Me Instruction button successfully
17:45:55.854 [main] INFO  resources1.base - browser closed successfully
17:53:32.028 [main] INFO  resources1.base - WebDriver is initialized and browser is opened
17:53:41.137 [main] INFO  resources1.base - hited qaclick acadamy url successfully
17:53:43.645 [main] INFO  resources1.base - Header title Name is verified successfully and it is as per expectaion
17:53:43.900 [main] INFO  resources1.base - Navigation Bar is available on home page
17:53:45.758 [main] INFO  resources1.base - clicked on home page login in button successfully
17:53:45.910 [main] INFO  resources1.base - browser closed successfully
17:53:52.745 [main] INFO  resources1.base - WebDriver is initialized
17:53:58.614 [main] INFO  resources1.base - hited qaclick acadamy url successfully
17:54:00.933 [main] INFO  resources1.base - clicked on home page login button successfully
17:54:01.558 [main] INFO  resources1.base - User name: restricteduser@qaclick.com entered successfully
17:54:01.735 [main] INFO  resources1.base - password: pass@123 entered successfully
17:54:02.177 [main] INFO  resources1.base - clicked on Login page login button successfully
17:54:02.513 [main] INFO  resources1.base - clicked on login page-> forgot password link successfully
17:54:02.725 [main] INFO  resources1.base - forgot password email id entered successfully
17:54:02.960 [main] INFO  resources1.base - clicked on Send Me Instruction button successfully
17:54:05.554 [main] INFO  resources1.base - hited qaclick acadamy url successfully
17:54:05.895 [main] INFO  resources1.base - clicked on home page login button successfully
17:54:06.104 [main] INFO  resources1.base - User name: unrestricteduser@qaclick.com entered successfully
17:54:06.251 [main] INFO  resources1.base - password: unrestricted entered successfully
17:54:06.512 [main] INFO  resources1.base - clicked on Login page login button successfully
17:54:06.751 [main] INFO  resources1.base - clicked on login page-> forgot password link successfully
17:54:06.896 [main] INFO  resources1.base - forgot password email id entered successfully
17:54:07.046 [main] INFO  resources1.base - clicked on Send Me Instruction button successfully
17:54:07.092 [main] INFO  resources1.base - browser closed successfully
18:12:38.339 [main] INFO  resources1.base - WebDriver is initialized and browser is opened
18:12:51.457 [main] INFO  resources1.base - hited qaclick acadamy url successfully
18:12:55.658 [main] INFO  resources1.base - Header title Name is verified successfully and it is as per expectaion
18:12:55.956 [main] INFO  resources1.base - Navigation Bar is available on home page
18:12:59.484 [main] INFO  resources1.base - clicked on home page login in button successfully
18:13:00.487 [main] INFO  resources1.base - browser closed successfully
18:13:12.482 [main] INFO  resources1.base - WebDriver is initialized
18:13:25.146 [main] INFO  resources1.base - hited qaclick acadamy url successfully
18:13:32.013 [main] INFO  resources1.base - clicked on home page login button successfully
18:13:35.326 [main] INFO  resources1.base - User name: restricteduser@qaclick.com entered successfully
18:13:36.060 [main] INFO  resources1.base - password: pass@123 entered successfully
18:13:37.248 [main] INFO  resources1.base - clicked on Login page login button successfully
18:13:37.668 [main] INFO  resources1.base - clicked on login page-> forgot password link successfully
18:13:37.814 [main] INFO  resources1.base - forgot password email id entered successfully
18:13:38.003 [main] INFO  resources1.base - clicked on Send Me Instruction button successfully
18:13:47.254 [main] INFO  resources1.base - hited qaclick acadamy url successfully
18:13:49.934 [main] INFO  resources1.base - clicked on home page login button successfully
18:13:50.152 [main] INFO  resources1.base - User name: unrestricteduser@qaclick.com entered successfully
18:13:50.301 [main] INFO  resources1.base - password: unrestricted entered successfully
18:13:50.548 [main] INFO  resources1.base - clicked on Login page login button successfully
18:13:50.773 [main] INFO  resources1.base - clicked on login page-> forgot password link successfully
18:13:50.915 [main] INFO  resources1.base - forgot password email id entered successfully
18:13:51.111 [main] INFO  resources1.base - clicked on Send Me Instruction button successfully
18:13:51.721 [main] INFO  resources1.base - browser closed successfully
19:43:36.010 [main] INFO  resources1.base - WebDriver is initialized and browser is opened
19:43:51.355 [main] INFO  resources1.base - hited qaclick acadamy url successfully
19:43:56.836 [main] INFO  resources1.base - Header title Name is verified successfully and it is as per expectaion
19:43:57.503 [main] INFO  resources1.base - Navigation Bar is available on home page
19:44:02.476 [main] INFO  resources1.base - clicked on home page login in button successfully
19:44:04.056 [main] INFO  resources1.base - browser closed successfully
19:47:36.072 [TestNG] INFO  resources1.base - WebDriver is initialized and browser is opened
19:47:36.072 [TestNG] INFO  resources1.base - WebDriver is initialized
19:48:04.110 [TestNG] INFO  resources1.base - hited qaclick acadamy url successfully
19:48:04.611 [TestNG] INFO  resources1.base - hited qaclick acadamy url successfully
19:48:13.167 [TestNG] INFO  resources1.base - Header title Name is verified successfully and it is as per expectaion
19:48:13.500 [TestNG] INFO  resources1.base - Navigation Bar is available on home page
19:48:14.162 [TestNG] INFO  resources1.base - clicked on home page login button successfully
19:48:16.008 [TestNG] INFO  resources1.base - User name: restricteduser@qaclick.com entered successfully
19:48:16.431 [TestNG] INFO  resources1.base - password: pass@123 entered successfully
19:48:17.191 [TestNG] INFO  resources1.base - clicked on Login page login button successfully
19:48:17.630 [TestNG] INFO  resources1.base - clicked on login page-> forgot password link successfully
19:48:17.894 [TestNG] INFO  resources1.base - forgot password email id entered successfully
19:48:18.127 [TestNG] INFO  resources1.base - clicked on Send Me Instruction button successfully
19:48:18.827 [TestNG] INFO  resources1.base - browser closed successfully
19:48:21.534 [TestNG] INFO  resources1.base - hited qaclick acadamy url successfully
19:48:23.033 [TestNG] INFO  resources1.base - clicked on home page login button successfully
19:48:23.204 [TestNG] INFO  resources1.base - User name: unrestricteduser@qaclick.com entered successfully
19:48:23.362 [TestNG] INFO  resources1.base - password: unrestricted entered successfully
19:48:23.741 [TestNG] INFO  resources1.base - clicked on Login page login button successfully
19:48:24.363 [TestNG] INFO  resources1.base - clicked on login page-> forgot password link successfully
19:48:24.694 [TestNG] INFO  resources1.base - forgot password email id entered successfully
19:48:25.064 [TestNG] INFO  resources1.base - clicked on Send Me Instruction button successfully
19:48:25.509 [TestNG] INFO  resources1.base - browser closed successfully
19:48:31.184 [TestNG] INFO  resources1.base - WebDriver is initialized and browser is opened
19:48:31.184 [TestNG] INFO  resources1.base - WebDriver is initialized
19:49:08.152 [TestNG] INFO  resources1.base - hited qaclick acadamy url successfully
19:49:08.152 [TestNG] INFO  resources1.base - hited qaclick acadamy url successfully
19:49:19.649 [TestNG] INFO  resources1.base - clicked on home page login button successfully
19:49:21.363 [TestNG] INFO  resources1.base - Header title Name is verified successfully and it is as per expectaion
19:49:22.228 [TestNG] INFO  resources1.base - Navigation Bar is available on home page
19:49:24.043 [TestNG] INFO  resources1.base - User name: restricteduser@qaclick.com entered successfully
19:49:24.226 [TestNG] INFO  resources1.base - password: pass@123 entered successfully
19:49:24.678 [TestNG] INFO  resources1.base - clicked on Login page login button successfully
19:49:24.878 [TestNG] INFO  resources1.base - clicked on home page login in button successfully
19:49:24.982 [TestNG] INFO  resources1.base - clicked on login page-> forgot password link successfully
19:49:25.117 [TestNG] INFO  resources1.base - forgot password email id entered successfully
19:49:25.319 [TestNG] INFO  resources1.base - clicked on Send Me Instruction button successfully
19:49:30.945 [TestNG] INFO  resources1.base - hited qaclick acadamy url successfully
19:49:31.426 [TestNG] INFO  resources1.base - browser closed successfully
19:49:32.246 [TestNG] INFO  resources1.base - clicked on home page login button successfully
19:49:32.418 [TestNG] INFO  resources1.base - User name: unrestricteduser@qaclick.com entered successfully
19:49:32.567 [TestNG] INFO  resources1.base - password: unrestricted entered successfully
19:49:33.133 [TestNG] INFO  resources1.base - clicked on Login page login button successfully
19:49:35.765 [TestNG] INFO  resources1.base - clicked on login page-> forgot password link successfully
19:49:35.882 [TestNG] INFO  resources1.base - forgot password email id entered successfully
19:49:36.051 [TestNG] INFO  resources1.base - clicked on Send Me Instruction button successfully
19:49:38.397 [TestNG] INFO  resources1.base - browser closed successfully
